# JRE version: Java(TM) SE Runtime Environment 18.9 (11.0.7+8) (build 11.0.7+8-LTS)
# Java VM: Java HotSpot(TM) 64-Bit Server VM 18.9 (11.0.7+8-LTS, mixed mode, tiered, compressed oops, g1 gc, windows-amd64)
Heap:
 garbage-first heap   total 157696K, used 101118K [0x0000000081800000, 0x0000000100000000)
  region size 1024K, 51 young (52224K), 6 survivors (6144K)
 Metaspace       used 76263K, capacity 78202K, committed 78344K, reserved 1118208K
  class space    used 10007K, capacity 10732K, committed 10752K, reserved 1048576K
GC Heap History (10 events):
Event: 12.114 GC heap after
{Heap after GC invocations=15 (full 0):
 garbage-first heap   total 157696K, used 41316K [0x0000000081800000, 0x0000000100000000)
  region size 1024K, 8 young (8192K), 8 survivors (8192K)
 Metaspace       used 54500K, capacity 55876K, committed 56016K, reserved 1097728K
  class space    used 7150K, capacity 7683K, committed 7808K, reserved 1048576K
}
Event: 12.557 GC heap before
{Heap before GC invocations=15 (full 0):
 garbage-first heap   total 157696K, used 71012K [0x0000000081800000, 0x0000000100000000)
  region size 1024K, 38 young (38912K), 8 survivors (8192K)
 Metaspace       used 58598K, capacity 60134K, committed 60296K, reserved 1101824K
  class space    used 7655K, capacity 8272K, committed 8320K, reserved 1048576K
}
Event: 12.565 GC heap after
{Heap after GC invocations=16 (full 0):
 garbage-first heap   total 157696K, used 43413K [0x0000000081800000, 0x0000000100000000)
  region size 1024K, 7 young (7168K), 7 survivors (7168K)
 Metaspace       used 58598K, capacity 60134K, committed 60296K, reserved 1101824K
  class space    used 7655K, capacity 8272K, committed 8320K, reserved 1048576K
}
Event: 13.950 GC heap before
{Heap before GC invocations=17 (full 0):
 garbage-first heap   total 157696K, used 125333K [0x0000000081800000, 0x0000000100000000)
  region size 1024K, 87 young (89088K), 7 survivors (7168K)
 Metaspace       used 64326K, capacity 66099K, committed 66184K, reserved 1105920K
  class space    used 8378K, capacity 9060K, committed 9088K, reserved 1048576K
}
Event: 13.961 GC heap after
{Heap after GC invocations=18 (full 0):
 garbage-first heap   total 157696K, used 49883K [0x0000000081800000, 0x0000000100000000)
  region size 1024K, 11 young (11264K), 11 survivors (11264K)
 Metaspace       used 64326K, capacity 66099K, committed 66184K, reserved 1105920K
  class space    used 8378K, capacity 9060K, committed 9088K, reserved 1048576K
}
Event: 14.670 GC heap before
{Heap before GC invocations=18 (full 0):
 garbage-first heap   total 157696K, used 124635K [0x0000000081800000, 0x0000000100000000)
  region size 1024K, 84 young (86016K), 11 survivors (11264K)
 Metaspace       used 68330K, capacity 70128K, committed 70408K, reserved 1110016K
  class space    used 8967K, capacity 9664K, committed 9728K, reserved 1048576K
}
Event: 14.681 GC heap after
{Heap after GC invocations=19 (full 0):
 garbage-first heap   total 157696K, used 53248K [0x0000000081800000, 0x0000000100000000)
  region size 1024K, 4 young (4096K), 4 survivors (4096K)
 Metaspace       used 68330K, capacity 70128K, committed 70408K, reserved 1110016K
  class space    used 8967K, capacity 9664K, committed 9728K, reserved 1048576K
}
Event: 53.866 GC heap before
{Heap before GC invocations=19 (full 0):
 garbage-first heap   total 157696K, used 125952K [0x0000000081800000, 0x0000000100000000)
  region size 1024K, 76 young (77824K), 4 survivors (4096K)
 Metaspace       used 72971K, capacity 74885K, committed 75144K, reserved 1114112K
  class space    used 9584K, capacity 10289K, committed 10368K, reserved 1048576K
}
Event: 53.875 GC heap after
{Heap after GC invocations=20 (full 0):
 garbage-first heap   total 157696K, used 55038K [0x0000000081800000, 0x0000000100000000)
  region size 1024K, 6 young (6144K), 6 survivors (6144K)
 Metaspace       used 72971K, capacity 74885K, committed 75144K, reserved 1114112K
  class space    used 9584K, capacity 10289K, committed 10368K, reserved 1048576K
}
Event: 348.758 GC heap before
{Heap before GC invocations=20 (full 0):
 garbage-first heap   total 157696K, used 99070K [0x0000000081800000, 0x0000000100000000)
  region size 1024K, 51 young (52224K), 6 survivors (6144K)
 Metaspace       used 76263K, capacity 78202K, committed 78344K, reserved 1118208K
  class space    used 10007K, capacity 10732K, committed 10752K, reserved 1048576K
}

